2023-10-30T17:46:23.840Z - This is a log message.
2023-10-30T17:46:24.583Z - faridi.impex@yahoo.in
2023-10-30T17:46:24.583Z - JunaidFaridi
2023-10-30T17:46:24.583Z - {"Messages":[{"Status":"success","CustomID":"","To":[{"Email":"faridi.impex@yahoo.in","MessageUUID":"9480dbbd-f7b2-4a98-a74e-2e25ca942ece","MessageID":"288230396441759520","MessageHref":"https://api.mailjet.com/v3/REST/message/288230396441759520"}],"Cc":[],"Bcc":[]}]}
2023-10-30T17:47:04.690Z - This is a log message.
2023-10-30T17:47:07.797Z - {"Messages":[{"Status":"success","CustomID":"","To":[{"Email":"deepak@eventfaqs.com","MessageUUID":"d1c8c2bf-9a00-40fa-b31e-5fdf38679633","MessageID":"288230396441773388","MessageHref":"https://api.mailjet.com/v3/REST/message/288230396441773388"}],"Cc":[],"Bcc":[]}]}
2023-10-30T17:47:07.796Z - DeepakChoudhary
2023-10-30T17:47:07.881Z - sk@sanjeevkapoor.com
2023-10-30T17:47:07.880Z - SanjeevKapoor
2023-10-30T17:47:07.796Z - deepak@eventfaqs.com
2023-10-30T17:47:07.918Z - MohammedMorani
2023-10-30T17:47:07.881Z - {"Messages":[{"Status":"success","CustomID":"","To":[{"Email":"sk@sanjeevkapoor.com","MessageUUID":"d704d91e-aca0-475d-96b9-0b717c197b56","MessageID":"288230396441773397","MessageHref":"https://api.mailjet.com/v3/REST/message/288230396441773397"}],"Cc":[],"Bcc":[]}]}
2023-10-30T17:47:07.952Z - Jimmychoudhary
2023-10-30T17:47:07.918Z - Mohomedmorani@domeindia.com
2023-10-30T17:47:07.954Z - Jimmy@eventfaqs.com
2023-10-30T17:47:07.919Z - {"Messages":[{"Status":"success","CustomID":"","To":[{"Email":"Mohomedmorani@domeindia.com","MessageUUID":"692b5e6c-07a9-43b7-ae6d-d0ae1d41ce2b","MessageID":"288230396441773403","MessageHref":"https://api.mailjet.com/v3/REST/message/288230396441773403"}],"Cc":[],"Bcc":[]}]}
2023-10-30T17:47:07.992Z - jiten@teamtandem.net
2023-10-30T17:47:07.956Z - {"Messages":[{"Status":"success","CustomID":"","To":[{"Email":"Jimmy@eventfaqs.com","MessageUUID":"e76038bd-39e9-4f48-83ff-363b41d3ee84","MessageID":"288230396441773406","MessageHref":"https://api.mailjet.com/v3/REST/message/288230396441773406"}],"Cc":[],"Bcc":[]}]}
2023-10-30T17:47:07.991Z - Mr.Jiten
2023-10-30T17:47:07.992Z - {"Messages":[{"Status":"success","CustomID":"","To":[{"Email":"jiten@teamtandem.net","MessageUUID":"f0681736-b6ad-424f-a8cd-2d4e79b4ac9f","MessageID":"576460772594696307","MessageHref":"https://api.mailjet.com/v3/REST/message/576460772594696307"}],"Cc":[],"Bcc":[]}]}
2023-10-30T17:47:08.000Z - {"Messages":[{"Status":"success","CustomID":"","To":[{"Email":"mazharnadiadwala@domeindia.com","MessageUUID":"0449d2c0-7cd3-4479-b3ab-3bf1b25643ca","MessageID":"576460772594696312","MessageHref":"https://api.mailjet.com/v3/REST/message/576460772594696312"}],"Cc":[],"Bcc":[]}]}
2023-10-30T17:47:07.999Z - mazharnadiadwala@domeindia.com
2023-10-30T17:47:08.004Z - nitin.paliwal@westfaliafruit.com
2023-10-30T17:47:08.004Z - {"Messages":[{"Status":"success","CustomID":"","To":[{"Email":"nitin.paliwal@westfaliafruit.com","MessageUUID":"0419a7bb-a9b0-407b-8013-11bd6d2b469a","MessageID":"1152921524899703431","MessageHref":"https://api.mailjet.com/v3/REST/message/1152921524899703431"}],"Cc":[],"Bcc":[]}]}
2023-10-30T17:47:07.999Z - MazharNadiadwala
2023-10-30T17:47:08.004Z - NitinPaliwal
2023-10-30T17:47:08.182Z - us.nagpal@gmail.com
2023-10-30T17:47:08.182Z - {"Messages":[{"Status":"success","CustomID":"","To":[{"Email":"us.nagpal@gmail.com","MessageUUID":"cc5fe6a1-2f99-4ce5-841b-0282775d63ca","MessageID":"1152921524899703437","MessageHref":"https://api.mailjet.com/v3/REST/message/1152921524899703437"}],"Cc":[],"Bcc":[]}]}
2023-10-30T17:47:08.182Z - PrinceNagpal
2023-10-30T17:47:08.399Z - AjayTG
2023-10-30T17:47:08.400Z - ajay.tg@westfaliafruit.com
2023-10-30T17:47:08.400Z - {"Messages":[{"Status":"success","CustomID":"","To":[{"Email":"ajay.tg@westfaliafruit.com","MessageUUID":"39bd3861-40cb-4373-ab39-d2028b8fd17f","MessageID":"576460772594696385","MessageHref":"https://api.mailjet.com/v3/REST/message/576460772594696385"}],"Cc":[],"Bcc":[]}]}
2023-10-30T17:47:08.435Z - tousif.bagnikar@westfaliafruit.com
2023-10-30T17:47:08.435Z - {"Messages":[{"Status":"success","CustomID":"","To":[{"Email":"tousif.bagnikar@westfaliafruit.com","MessageUUID":"7d43e27e-9839-429b-ae27-0e2f73c9859e","MessageID":"288230396441773418","MessageHref":"https://api.mailjet.com/v3/REST/message/288230396441773418"}],"Cc":[],"Bcc":[]}]}
2023-10-30T17:47:08.435Z - TousifBagnikar
2023-10-30T17:47:08.475Z - ZacBard
2023-10-30T17:47:08.475Z - {"Messages":[{"Status":"success","CustomID":"","To":[{"Email":"zacb@westfaliafruit.co.za","MessageUUID":"e53d2bdd-a1b9-45cf-8a22-12b864890bc7","MessageID":"1152921524899703446","MessageHref":"https://api.mailjet.com/v3/REST/message/1152921524899703446"}],"Cc":[],"Bcc":[]}]}
2023-10-30T17:47:08.480Z - {"Messages":[{"Status":"success","CustomID":"","To":[{"Email":"md.tf.panchgani@fernhotels.com","MessageUUID":"7e60b5d1-1dac-46c5-a607-54eea6b5d411","MessageID":"288230396441773420","MessageHref":"https://api.mailjet.com/v3/REST/message/288230396441773420"}],"Cc":[],"Bcc":[]}]}
2023-10-30T17:47:08.475Z - zacb@westfaliafruit.co.za
2023-10-30T17:47:08.479Z - Mr.RajeshNaik
2023-10-30T17:47:08.487Z - {"Messages":[{"Status":"success","CustomID":"","To":[{"Email":"payalps.soiree@gmail.com","MessageUUID":"5fab00e1-abb7-4c75-9b36-2d56ffa7e198","MessageID":"1152921524899703449","MessageHref":"https://api.mailjet.com/v3/REST/message/1152921524899703449"}],"Cc":[],"Bcc":[]}]}
2023-10-30T17:47:08.486Z - Ms.PayalShah
2023-10-30T17:47:08.487Z - payalps.soiree@gmail.com
2023-10-30T17:47:08.495Z - Shettyakshaya1990@gmail.com
2023-10-30T17:47:08.495Z - {"Messages":[{"Status":"success","CustomID":"","To":[{"Email":"Shettyakshaya1990@gmail.com","MessageUUID":"11f9791a-acf3-4449-8ea1-32e5e5a534b8","MessageID":"576460772594696391","MessageHref":"https://api.mailjet.com/v3/REST/message/576460772594696391"}],"Cc":[],"Bcc":[]}]}
2023-10-30T17:47:08.495Z - Mr.AkshayaShetty+2
2023-10-30T17:47:08.498Z - Dnil1307@gmail.com
2023-10-30T17:47:08.498Z - Mr.DeepakSheth+3
2023-10-30T17:47:08.499Z - {"Messages":[{"Status":"success","CustomID":"","To":[{"Email":"Dnil1307@gmail.com","MessageUUID":"b2e17087-a208-445a-a085-69acdab4e6bd","MessageID":"1152921524899703450","MessageHref":"https://api.mailjet.com/v3/REST/message/1152921524899703450"}],"Cc":[],"Bcc":[]}]}
2023-10-30T17:47:08.530Z - Mr.DomDaniel&AnnDaniel
2023-10-30T17:47:08.480Z - md.tf.panchgani@fernhotels.com
2023-10-30T17:47:08.530Z - {"Messages":[{"Status":"success","CustomID":"","To":[{"Email":"joydeep_guha@hotmail.com","MessageUUID":"77571d2f-dc09-4aa0-ad35-8d6f7ff8893d","MessageID":"576460772594696393","MessageHref":"https://api.mailjet.com/v3/REST/message/576460772594696393"}],"Cc":[],"Bcc":[]}]}
2023-10-30T17:47:08.535Z - Mr.RameshPatil
2023-10-30T17:47:08.530Z - joydeep_guha@hotmail.com
2023-10-30T17:47:08.536Z - {"Messages":[{"Status":"success","CustomID":"","To":[{"Email":"ramesh@eventfaqs.com","MessageUUID":"4d481917-95bd-4482-84cc-fff5b49b0015","MessageID":"576460772594696407","MessageHref":"https://api.mailjet.com/v3/REST/message/576460772594696407"}],"Cc":[],"Bcc":[]}]}
2023-10-30T17:47:08.535Z - ramesh@eventfaqs.com
2023-10-30T17:47:08.570Z - balrajvanthati@gmail.com
2023-10-30T17:47:08.570Z - Mr.JOYDEEPGUHA
2023-10-30T17:47:08.607Z - naik068@gmail.com
2023-10-30T17:47:08.608Z - {"Messages":[{"Status":"success","CustomID":"","To":[{"Email":"naik068@gmail.com","MessageUUID":"555f607f-dc20-4b91-b7b9-4d1d66a14a66","MessageID":"576460772594696414","MessageHref":"https://api.mailjet.com/v3/REST/message/576460772594696414"}],"Cc":[],"Bcc":[]}]}
2023-10-30T17:47:08.674Z - Ms.SanyaChadha
2023-10-30T17:47:08.674Z - {"Messages":[{"Status":"success","CustomID":"","To":[{"Email":"Sanyachadha95@gmail.com","MessageUUID":"6684bd8b-ffa4-434c-8b0b-1553c149d35c","MessageID":"576460772594696416","MessageHref":"https://api.mailjet.com/v3/REST/message/576460772594696416"}],"Cc":[],"Bcc":[]}]}
2023-10-30T17:47:08.571Z - {"Messages":[{"Status":"success","CustomID":"","To":[{"Email":"balrajvanthati@gmail.com","MessageUUID":"608aeba3-2914-45b1-8648-950fb2dbcecf","MessageID":"1152921524899703456","MessageHref":"https://api.mailjet.com/v3/REST/message/1152921524899703456"}],"Cc":[],"Bcc":[]}]}
2023-10-30T17:47:08.607Z - Mr.BalrajVAnthati
2023-10-30T17:47:08.674Z - Sanyachadha95@gmail.com
2023-10-30T17:47:08.680Z - {"Messages":[{"Status":"success","CustomID":"","To":[{"Email":"rajanwelukar@yahoo.com","MessageUUID":"dbdd5620-cad0-4f9a-b868-0f30143b1faa","MessageID":"1152921524899703464","MessageHref":"https://api.mailjet.com/v3/REST/message/1152921524899703464"}],"Cc":[],"Bcc":[]}]}
2023-10-30T17:47:08.680Z - DrRajanWelukar
2023-10-30T17:47:08.680Z - rajanwelukar@yahoo.com
2023-10-30T17:47:08.712Z - Mr.AntarikshBaldota
2023-10-30T17:47:08.712Z - antarikshbaldota@gmail.com
2023-10-30T17:47:08.745Z - {"Messages":[{"Status":"success","CustomID":"","To":[{"Email":"avanisanalkar14@gmail.com","MessageUUID":"2bd452fc-3582-4ee5-be97-48edd7287ff5","MessageID":"288230396441773434","MessageHref":"https://api.mailjet.com/v3/REST/message/288230396441773434"}],"Cc":[],"Bcc":[]}]}
2023-10-30T17:47:08.745Z - Mr.AvaniSanalkar
2023-10-30T17:47:08.712Z - {"Messages":[{"Status":"success","CustomID":"","To":[{"Email":"antarikshbaldota@gmail.com","MessageUUID":"42671feb-3b85-4603-9d32-9c9d5c224736","MessageID":"288230396441773433","MessageHref":"https://api.mailjet.com/v3/REST/message/288230396441773433"}],"Cc":[],"Bcc":[]}]}
2023-10-30T17:47:08.749Z - Ms.Anu&Mf.HemTejuja
2023-10-30T17:47:08.749Z - {"Messages":[{"Status":"success","CustomID":"","To":[{"Email":"Anupama1976@hotmail.com","MessageUUID":"22c4a562-c34f-4154-8686-402c2921c579","MessageID":"1152921524899703467","MessageHref":"https://api.mailjet.com/v3/REST/message/1152921524899703467"}],"Cc":[],"Bcc":[]}]}
2023-10-30T17:47:08.745Z - avanisanalkar14@gmail.com
2023-10-30T17:47:08.749Z - Anupama1976@hotmail.com
2023-10-30T17:47:08.887Z - Ms.DiyaneDsouza
2023-10-30T17:47:08.888Z - throttle97mumbai@gmail.com
2023-10-30T17:47:08.888Z - {"Messages":[{"Status":"success","CustomID":"","To":[{"Email":"throttle97mumbai@gmail.com","MessageUUID":"1f107684-5617-482d-a100-8903db6130cf","MessageID":"1152921524899703469","MessageHref":"https://api.mailjet.com/v3/REST/message/1152921524899703469"}],"Cc":[],"Bcc":[]}]}
2023-10-30T17:47:08.894Z - Ms.ChandniTolani
2023-10-30T17:47:08.894Z - chandniadvani88@gmail.com
2023-10-30T17:47:08.971Z - nlkarani@gmail.com
2023-10-30T17:47:08.971Z - Mr.Nilesh&Ms.Deepakarani
2023-10-30T17:47:08.971Z - {"Messages":[{"Status":"success","CustomID":"","To":[{"Email":"nlkarani@gmail.com","MessageUUID":"9ab447e1-4d26-4829-ba71-20a4658baf66","MessageID":"1152921524899703471","MessageHref":"https://api.mailjet.com/v3/REST/message/1152921524899703471"}],"Cc":[],"Bcc":[]}]}
2023-10-30T17:47:08.976Z - Mr.KaranRathod
2023-10-30T17:47:08.976Z - karanwork.media@gmail.com
2023-10-30T17:47:08.976Z - {"Messages":[{"Status":"success","CustomID":"","To":[{"Email":"karanwork.media@gmail.com","MessageUUID":"3437a375-4283-4dda-8804-abc9049be06a","MessageID":"576460772594696430","MessageHref":"https://api.mailjet.com/v3/REST/message/576460772594696430"}],"Cc":[],"Bcc":[]}]}
2023-10-30T17:47:08.980Z - harshal.sawal@motilaloswal.com
2023-10-30T17:47:08.980Z - {"Messages":[{"Status":"success","CustomID":"","To":[{"Email":"harshal.sawal@motilaloswal.com","MessageUUID":"5d95e41e-784e-4fac-9487-ce4c079683ec","MessageID":"1152921524899703475","MessageHref":"https://api.mailjet.com/v3/REST/message/1152921524899703475"}],"Cc":[],"Bcc":[]}]}
2023-10-30T17:47:09.088Z - Mr.FrancisPereira
2023-10-30T17:47:08.980Z - Mr.HarshalSawal+3
2023-10-30T17:47:09.094Z - francispereira@omcpl.com
2023-10-30T17:47:09.094Z - {"Messages":[{"Status":"success","CustomID":"","To":[{"Email":"francispereira@omcpl.com","MessageUUID":"9e3e78e1-a5be-4e4f-9e52-ba952d06ed0a","MessageID":"576460772594696435","MessageHref":"https://api.mailjet.com/v3/REST/message/576460772594696435"}],"Cc":[],"Bcc":[]}]}
2023-10-30T17:47:09.233Z - pramod.tiwari@ltgroup.in
2023-10-30T17:47:08.895Z - {"Messages":[{"Status":"success","CustomID":"","To":[{"Email":"chandniadvani88@gmail.com","MessageUUID":"c0ac87e7-8e57-4397-9d35-2d2538737200","MessageID":"576460772594696425","MessageHref":"https://api.mailjet.com/v3/REST/message/576460772594696425"}],"Cc":[],"Bcc":[]}]}
2023-10-30T17:47:09.233Z - {"Messages":[{"Status":"success","CustomID":"","To":[{"Email":"pramod.tiwari@ltgroup.in","MessageUUID":"bf671dcd-6209-4125-a66c-4c9467e4fdeb","MessageID":"1152921524899703530","MessageHref":"https://api.mailjet.com/v3/REST/message/1152921524899703530"}],"Cc":[],"Bcc":[]}]}
2023-10-30T17:47:09.233Z - Mr.PramodTiwari
2023-10-30T17:47:09.294Z - Mr.MudassirTanwar
2023-10-30T17:47:09.294Z - foodiekashif@gmail.com
2023-10-30T17:47:09.294Z - {"Messages":[{"Status":"success","CustomID":"","To":[{"Email":"foodiekashif@gmail.com","MessageUUID":"5c48c3ea-98ca-4210-afd1-7569f82a3588","MessageID":"1152921524899703533","MessageHref":"https://api.mailjet.com/v3/REST/message/1152921524899703533"}],"Cc":[],"Bcc":[]}]}
2023-10-30T17:47:09.301Z - stephenomcpl@gmail.com
2023-10-30T17:47:09.301Z - {"Messages":[{"Status":"success","CustomID":"","To":[{"Email":"stephenomcpl@gmail.com","MessageUUID":"f00e7c2e-b380-44f1-8d84-76dd380bb607","MessageID":"288230396441773452","MessageHref":"https://api.mailjet.com/v3/REST/message/288230396441773452"}],"Cc":[],"Bcc":[]}]}
2023-10-30T17:47:09.301Z - Mr.JoshuaStephen
2023-10-30T17:47:09.375Z - foodiekashif@gmail.com
2023-10-30T17:47:09.375Z - {"Messages":[{"Status":"success","CustomID":"","To":[{"Email":"foodiekashif@gmail.com","MessageUUID":"db96b636-722f-445d-ae96-e4330f7a62de","MessageID":"576460772594696445","MessageHref":"https://api.mailjet.com/v3/REST/message/576460772594696445"}],"Cc":[],"Bcc":[]}]}
2023-10-30T17:47:09.378Z - {"Messages":[{"Status":"success","CustomID":"","To":[{"Email":"dhruvi.omcpl@gmail.com","MessageUUID":"dde4f1ce-9825-446a-8759-c4ec3b4bd2db","MessageID":"576460772594696447","MessageHref":"https://api.mailjet.com/v3/REST/message/576460772594696447"}],"Cc":[],"Bcc":[]}]}
2023-10-30T17:47:09.375Z - Mr.KashifTanwar
2023-10-30T17:47:09.378Z - Ms.DhruviShah
2023-10-30T17:47:09.412Z - sachin@unitedmill.com
2023-10-30T17:47:09.378Z - dhruvi.omcpl@gmail.com
2023-10-30T17:47:09.412Z - {"Messages":[{"Status":"success","CustomID":"","To":[{"Email":"sachin@unitedmill.com","MessageUUID":"dd919db5-ad37-4bd3-891a-4de318d4103a","MessageID":"576460772594696449","MessageHref":"https://api.mailjet.com/v3/REST/message/576460772594696449"}],"Cc":[],"Bcc":[]}]}
2023-10-30T17:47:09.425Z - {"Messages":[{"Status":"success","CustomID":"","To":[{"Email":"indrajeet.giri@ltgroup.in","MessageUUID":"83807abd-7023-4c79-bb88-364b6e84fde0","MessageID":"1152921524899703540","MessageHref":"https://api.mailjet.com/v3/REST/message/1152921524899703540"}],"Cc":[],"Bcc":[]}]}
2023-10-30T17:47:09.411Z - Mr. Sachin Bhandari
2023-10-30T17:47:09.424Z - Mr.indrajeetGiri
2023-10-30T17:47:09.424Z - indrajeet.giri@ltgroup.in
2023-10-30T17:47:09.431Z - {"Messages":[{"Status":"success","CustomID":"","To":[{"Email":"ruchinbansal77@gmail.com","MessageUUID":"105feeeb-3c5d-4751-a79f-4edbec8f5fce","MessageID":"576460772594696455","MessageHref":"https://api.mailjet.com/v3/REST/message/576460772594696455"}],"Cc":[],"Bcc":[]}]}
2023-10-30T17:47:09.431Z - Ms. Ruchin Bansal
2023-10-30T17:47:09.431Z - ruchinbansal77@gmail.com
2023-10-30T17:47:09.463Z - Ms. Neha bhandari
2023-10-30T17:47:09.464Z - {"Messages":[{"Status":"success","CustomID":"","To":[{"Email":"sachinsaanjh1@gmail.com","MessageUUID":"6b42d80b-3261-40bc-9497-d0cefc9db3fc","MessageID":"576460772594696456","MessageHref":"https://api.mailjet.com/v3/REST/message/576460772594696456"}],"Cc":[],"Bcc":[]}]}
2023-10-30T17:47:09.464Z - sachinsaanjh1@gmail.com
2023-10-30T17:47:09.467Z - {"Messages":[{"Status":"success","CustomID":"","To":[{"Email":"amardeep@sangeetpolypack.com","MessageUUID":"879a12af-f8d8-4f82-ac23-c06647eaedeb","MessageID":"288230396441773457","MessageHref":"https://api.mailjet.com/v3/REST/message/288230396441773457"}],"Cc":[],"Bcc":[]}]}
2023-10-30T17:47:09.466Z - Mr. Amardeep Arora
2023-10-30T17:47:09.466Z - amardeep@sangeetpolypack.com
2023-10-30T17:47:09.472Z - Ms.RakshandaBirwadkar
2023-10-30T17:47:09.473Z - {"Messages":[{"Status":"success","CustomID":"","To":[{"Email":"chamchamitkhau@gmail.com","MessageUUID":"fb784149-6cde-4966-8d24-f73fb03ef018","MessageID":"1152921524899703544","MessageHref":"https://api.mailjet.com/v3/REST/message/1152921524899703544"}],"Cc":[],"Bcc":[]}]}
2023-10-30T17:47:09.472Z - chamchamitkhau@gmail.com
2023-10-30T17:47:09.538Z - {"Messages":[{"Status":"success","CustomID":"","To":[{"Email":"Jhunjhunwala.bharat@gmail.com","MessageUUID":"ad9c455e-14ed-492b-ac91-6e0d2f6a5494","MessageID":"288230396441773459","MessageHref":"https://api.mailjet.com/v3/REST/message/288230396441773459"}],"Cc":[],"Bcc":[]}]}
2023-10-30T17:47:09.538Z - Jhunjhunwala.bharat@gmail.com
2023-10-30T17:47:09.543Z - Mr. Saanjh Bhandari
2023-10-30T17:47:09.544Z - saanjhbhandari2@gmail.com
2023-10-30T17:47:09.544Z - {"Messages":[{"Status":"success","CustomID":"","To":[{"Email":"saanjhbhandari2@gmail.com","MessageUUID":"7819ad1f-dcdc-4337-a7f4-f4c8cd4a2d61","MessageID":"288230396441773462","MessageHref":"https://api.mailjet.com/v3/REST/message/288230396441773462"}],"Cc":[],"Bcc":[]}]}
2023-10-30T17:47:09.548Z - prachi339@gmail.com
2023-10-30T17:47:09.538Z - Mr. Bharat Jhunjhunwala
2023-10-30T17:47:09.548Z - Ms. Prachi ajmera
2023-10-30T17:47:09.549Z - {"Messages":[{"Status":"success","CustomID":"","To":[{"Email":"prachi339@gmail.com","MessageUUID":"d59dc4be-37cd-4501-92db-e7e835f30bfa","MessageID":"1152921524899703550","MessageHref":"https://api.mailjet.com/v3/REST/message/1152921524899703550"}],"Cc":[],"Bcc":[]}]}
2023-10-30T17:47:09.611Z - shilpybansal1@gmail.com
2023-10-30T17:47:09.615Z - Ms. Ananya Khanna
2023-10-30T17:47:09.611Z - {"Messages":[{"Status":"success","CustomID":"","To":[{"Email":"shilpybansal1@gmail.com","MessageUUID":"6e7545a6-cb7d-4aa9-9d5e-875a0cad5253","MessageID":"576460772594696472","MessageHref":"https://api.mailjet.com/v3/REST/message/576460772594696472"}],"Cc":[],"Bcc":[]}]}
2023-10-30T17:47:09.616Z - ananyakapur16@gmail.com
2023-10-30T17:47:09.616Z - {"Messages":[{"Status":"success","CustomID":"","To":[{"Email":"ananyakapur16@gmail.com","MessageUUID":"a68d1e9c-e767-451e-ba79-9d44fc9a44ed","MessageID":"576460772594696465","MessageHref":"https://api.mailjet.com/v3/REST/message/576460772594696465"}],"Cc":[],"Bcc":[]}]}
2023-10-30T17:47:09.649Z - neeti.arora@aol.in
2023-10-30T17:47:09.611Z - Ms. Shilpy Bansal
2023-10-30T17:47:09.649Z - {"Messages":[{"Status":"success","CustomID":"","To":[{"Email":"neeti.arora@aol.in","MessageUUID":"9a5e0af3-8ce9-4913-86ab-2b7e56449036","MessageID":"576460772594696470","MessageHref":"https://api.mailjet.com/v3/REST/message/576460772594696470"}],"Cc":[],"Bcc":[]}]}
2023-10-30T17:47:09.649Z - Ms. Neeti Arora
2023-10-30T17:47:09.656Z - Ms. Tina Jhunjhunwala
2023-10-30T17:47:09.656Z - {"Messages":[{"Status":"success","CustomID":"","To":[{"Email":"Tbj009@gmail.com","MessageUUID":"7af783e4-2a9e-4530-ac15-84d4552ea3e6","MessageID":"1152921524899703554","MessageHref":"https://api.mailjet.com/v3/REST/message/1152921524899703554"}],"Cc":[],"Bcc":[]}]}
2023-10-30T17:47:09.656Z - Tbj009@gmail.com
2023-10-30T17:47:09.661Z - {"Messages":[{"Status":"success","CustomID":"","To":[{"Email":"Vinay_mendon@yahoo.in","MessageUUID":"5c1a86be-66b3-4e0e-abc9-c4dfb46eba3d","MessageID":"576460772594696474","MessageHref":"https://api.mailjet.com/v3/REST/message/576460772594696474"}],"Cc":[],"Bcc":[]}]}
2023-10-30T17:47:09.665Z - navneet@navneetgoyenka.com
2023-10-30T17:47:09.661Z - Vinay_mendon@yahoo.in
2023-10-30T17:47:09.665Z - {"Messages":[{"Status":"success","CustomID":"","To":[{"Email":"navneet@navneetgoyenka.com","MessageUUID":"9a7f8a7e-410a-4c91-be75-411f099463b5","MessageID":"1152921524899703552","MessageHref":"https://api.mailjet.com/v3/REST/message/1152921524899703552"}],"Cc":[],"Bcc":[]}]}
2023-10-30T17:47:09.661Z - Mr. Vinay mendon
2023-10-30T17:47:09.665Z - Mr. Navneet goyenka
2023-10-30T17:47:09.669Z - Mr. Vishal keswani
2023-10-30T17:47:09.670Z - Vishal@geneticcallnet.con
2023-10-30T17:47:09.676Z - Mr. Manoj Mittal
2023-10-30T17:47:09.677Z - {"Messages":[{"Status":"success","CustomID":"","To":[{"Email":"manojmit@gmail.com","MessageUUID":"e5974166-db87-45bb-a235-b5e9e1dbc78b","MessageID":"1152921524899703553","MessageHref":"https://api.mailjet.com/v3/REST/message/1152921524899703553"}],"Cc":[],"Bcc":[]}]}
2023-10-30T17:47:09.670Z - {"Messages":[{"Status":"success","CustomID":"","To":[{"Email":"Vishal@geneticcallnet.con","MessageUUID":"f1c1c7b9-8e42-43fb-aa5e-130d2e142009","MessageID":"288230396441773465","MessageHref":"https://api.mailjet.com/v3/REST/message/288230396441773465"}],"Cc":[],"Bcc":[]}]}
2023-10-30T17:47:09.682Z - bhawnang@hotmail.com
2023-10-30T17:47:09.677Z - manojmit@gmail.com
2023-10-30T17:47:09.682Z - {"Messages":[{"Status":"success","CustomID":"","To":[{"Email":"bhawnang@hotmail.com","MessageUUID":"c5d47922-f4f6-4f2b-8860-7151ce294758","MessageID":"576460772594696473","MessageHref":"https://api.mailjet.com/v3/REST/message/576460772594696473"}],"Cc":[],"Bcc":[]}]}
2023-10-30T17:47:09.751Z - Mr. Aditya ajmera
2023-10-30T17:47:09.682Z - Ms. Bhavna gotenka
2023-10-30T17:47:09.752Z - {"Messages":[{"Status":"success","CustomID":"","To":[{"Email":"addy16@hotmail.com","MessageUUID":"5d918e7d-abef-4cb5-8255-f22c61de66ec","MessageID":"576460772594696481","MessageHref":"https://api.mailjet.com/v3/REST/message/576460772594696481"}],"Cc":[],"Bcc":[]}]}
2023-10-30T17:47:09.759Z - {"Messages":[{"Status":"success","CustomID":"","To":[{"Email":"balrajvanthati@gmail.com","MessageUUID":"331a20f1-57b5-402d-a1f6-7adee92a89ae","MessageID":"1152921524899703556","MessageHref":"https://api.mailjet.com/v3/REST/message/1152921524899703556"}],"Cc":[],"Bcc":[]}]}
2023-10-30T17:47:09.758Z - balrajvanthati@gmail.com
2023-10-30T17:47:09.751Z - addy16@hotmail.com
2023-10-30T17:47:09.765Z - Dinika@geneticcallnet.com
2023-10-30T17:47:09.765Z - Ms. Dinika keswani
2023-10-30T17:47:09.765Z - {"Messages":[{"Status":"success","CustomID":"","To":[{"Email":"Dinika@geneticcallnet.com","MessageUUID":"3860e391-c11d-4bf8-aebe-d358edb71dd1","MessageID":"1152921524899703558","MessageHref":"https://api.mailjet.com/v3/REST/message/1152921524899703558"}],"Cc":[],"Bcc":[]}]}
2023-10-30T17:47:10.002Z - Mr. Rushil Khanna
2023-10-30T17:47:10.003Z - ananyakapur16@gmail.com
2023-10-30T17:47:10.003Z - {"Messages":[{"Status":"success","CustomID":"","To":[{"Email":"ananyakapur16@gmail.com","MessageUUID":"725176f8-eb67-46dc-b41c-ac8c243c55bc","MessageID":"1152921524899703571","MessageHref":"https://api.mailjet.com/v3/REST/message/1152921524899703571"}],"Cc":[],"Bcc":[]}]}
2023-10-30T17:47:10.277Z - shishirseksaria@rediffmail.com
2023-10-30T17:47:10.278Z - {"Messages":[{"Status":"success","CustomID":"","To":[{"Email":"shishirseksaria@rediffmail.com","MessageUUID":"f6441bcb-66f1-4a2b-b3a2-1a62e8d02ee3","MessageID":"576460772594696503","MessageHref":"https://api.mailjet.com/v3/REST/message/576460772594696503"}],"Cc":[],"Bcc":[]}]}
2023-10-30T17:47:10.277Z - Mr. Shishir Seksaria +1
2023-10-30T17:47:09.757Z - Ms. Shrootti Balraj Anthati
2023-10-30T17:47:12.296Z - {"Messages":[{"Status":"success","CustomID":"","To":[{"Email":"amish@rosentiques.com","MessageUUID":"e9fbef24-6c40-4602-ac94-981c29fa6052","MessageID":"576460772594696580","MessageHref":"https://api.mailjet.com/v3/REST/message/576460772594696580"}],"Cc":[],"Bcc":[]}]}
2023-10-30T17:47:12.296Z - amish@rosentiques.com
2023-10-30T17:47:12.417Z - Mr. Kishan Malpure
2023-10-30T17:47:12.417Z - {"Messages":[{"Status":"success","CustomID":"","To":[{"Email":"Malpurekishan2@gmail.com","MessageUUID":"a583aa6c-c1d2-4058-9ffd-2d6bcc01cf56","MessageID":"576460772594696583","MessageHref":"https://api.mailjet.com/v3/REST/message/576460772594696583"}],"Cc":[],"Bcc":[]}]}
2023-10-30T17:47:12.417Z - Malpurekishan2@gmail.com
2023-10-30T17:47:12.528Z - Ms. Barkha ramchandani
2023-10-30T17:47:12.296Z - Mr. Amish Kothari
2023-10-30T17:47:12.528Z - barkha.ramchandani89@gmail.com
2023-10-30T17:47:12.528Z - {"Messages":[{"Status":"success","CustomID":"","To":[{"Email":"barkha.ramchandani89@gmail.com","MessageUUID":"c89b7d35-880d-4e38-8945-aba76f10c6d8","MessageID":"576460772594696589","MessageHref":"https://api.mailjet.com/v3/REST/message/576460772594696589"}],"Cc":[],"Bcc":[]}]}
2023-10-30T17:47:12.535Z - {"Messages":[{"Status":"success","CustomID":"","To":[{"Email":"kaival@absoluteeventsworld.com","MessageUUID":"91816393-6312-472e-8481-e2a1eed8a19f","MessageID":"1152921524899703727","MessageHref":"https://api.mailjet.com/v3/REST/message/1152921524899703727"}],"Cc":[],"Bcc":[]}]}
2023-10-30T17:47:12.535Z - kaival@absoluteeventsworld.com
2023-10-30T17:47:12.590Z - nirzarishah90@gmail.com
2023-10-30T17:47:12.590Z - Ms. Nirzari shah
2023-10-30T17:47:12.535Z - Mr. Kaival Patel
2023-10-30T17:47:12.594Z - Ms. Manasi Chandravanshi
2023-10-30T17:47:12.595Z - manasi2942001@gmail.com
2023-10-30T17:47:12.590Z - {"Messages":[{"Status":"success","CustomID":"","To":[{"Email":"nirzarishah90@gmail.com","MessageUUID":"829a5256-f237-45af-87b1-a452b9d75b7a","MessageID":"1152921524899703729","MessageHref":"https://api.mailjet.com/v3/REST/message/1152921524899703729"}],"Cc":[],"Bcc":[]}]}
2023-10-30T17:47:12.705Z - gautam.agicha@gmail.com
2023-10-30T17:47:12.595Z - {"Messages":[{"Status":"success","CustomID":"","To":[{"Email":"manasi2942001@gmail.com","MessageUUID":"a776433d-b93f-40b4-b7a5-5bbb98d87c73","MessageID":"576460772594696592","MessageHref":"https://api.mailjet.com/v3/REST/message/576460772594696592"}],"Cc":[],"Bcc":[]}]}
2023-10-30T17:47:12.705Z - Mr. Gautam Agicha
2023-10-30T17:47:12.705Z - {"Messages":[{"Status":"success","CustomID":"","To":[{"Email":"gautam.agicha@gmail.com","MessageUUID":"741b5301-7c77-449d-b62f-fb538aec91cf","MessageID":"576460772594696598","MessageHref":"https://api.mailjet.com/v3/REST/message/576460772594696598"}],"Cc":[],"Bcc":[]}]}
2023-10-30T17:54:50.182Z - This is a log message.
2023-10-30T17:54:52.072Z - JunaidFaridi
2023-10-30T17:54:52.072Z - faridi.impex@yahoo.in
2023-10-30T17:54:52.072Z - {"Messages":[{"Status":"success","CustomID":"","To":[{"Email":"faridi.impex@yahoo.in","MessageUUID":"8edb30a9-fe40-493f-888c-b281f2f6244c","MessageID":"288230396441925487","MessageHref":"https://api.mailjet.com/v3/REST/message/288230396441925487"}],"Cc":[],"Bcc":[]}]}
2023-10-30T17:54:52.074Z - Jimmy@eventfaqs.com
2023-10-30T17:54:52.074Z - {"Messages":[{"Status":"success","CustomID":"","To":[{"Email":"Jimmy@eventfaqs.com","MessageUUID":"ec4b6b66-8ebc-4b79-81e9-835fe81071fa","MessageID":"576460772594845209","MessageHref":"https://api.mailjet.com/v3/REST/message/576460772594845209"}],"Cc":[],"Bcc":[]}]}
2023-10-30T17:54:52.073Z - Jimmychoudhary
2023-10-30T17:54:52.075Z - sk@sanjeevkapoor.com
2023-10-30T17:54:52.075Z - {"Messages":[{"Status":"success","CustomID":"","To":[{"Email":"sk@sanjeevkapoor.com","MessageUUID":"875c244f-341b-4708-8f25-e69f78a7a7a9","MessageID":"288230396441925491","MessageHref":"https://api.mailjet.com/v3/REST/message/288230396441925491"}],"Cc":[],"Bcc":[]}]}
2023-10-30T17:54:52.075Z - SanjeevKapoor
2023-10-30T17:54:52.076Z - jiten@teamtandem.net
2023-10-30T17:54:52.076Z - Mr.Jiten
2023-10-30T17:54:52.076Z - {"Messages":[{"Status":"success","CustomID":"","To":[{"Email":"jiten@teamtandem.net","MessageUUID":"56e8642d-fd16-41fe-b505-5ff42d2bba47","MessageID":"576460772594845215","MessageHref":"https://api.mailjet.com/v3/REST/message/576460772594845215"}],"Cc":[],"Bcc":[]}]}
2023-10-30T17:54:52.077Z - Mr.BalrajVAnthati
2023-10-30T17:54:52.077Z - naik068@gmail.com
2023-10-30T17:54:52.078Z - {"Messages":[{"Status":"success","CustomID":"","To":[{"Email":"naik068@gmail.com","MessageUUID":"15c7b470-b541-4f7a-8eb1-f2605c977912","MessageID":"1152921524899853885","MessageHref":"https://api.mailjet.com/v3/REST/message/1152921524899853885"}],"Cc":[],"Bcc":[]}]}
2023-10-30T17:54:52.125Z - {"Messages":[{"Status":"success","CustomID":"","To":[{"Email":"deepak@eventfaqs.com","MessageUUID":"dee2cffc-4f6c-489b-acff-ece9fe96ea3d","MessageID":"576460772594845216","MessageHref":"https://api.mailjet.com/v3/REST/message/576460772594845216"}],"Cc":[],"Bcc":[]}]}
2023-10-30T17:54:52.124Z - DeepakChoudhary
2023-10-30T17:54:52.125Z - deepak@eventfaqs.com
2023-10-30T17:54:52.144Z - {"Messages":[{"Status":"success","CustomID":"","To":[{"Email":"zacb@westfaliafruit.co.za","MessageUUID":"fe74e807-0a74-4a36-ab22-2838ae4de8c9","MessageID":"288230396441925493","MessageHref":"https://api.mailjet.com/v3/REST/message/288230396441925493"}],"Cc":[],"Bcc":[]}]}
2023-10-30T17:54:52.176Z - {"Messages":[{"Status":"success","CustomID":"","To":[{"Email":"tousif.bagnikar@westfaliafruit.com","MessageUUID":"53bd1a0a-58f6-4029-8713-cb22444a5c2c","MessageID":"1152921524899853888","MessageHref":"https://api.mailjet.com/v3/REST/message/1152921524899853888"}],"Cc":[],"Bcc":[]}]}
2023-10-30T17:54:52.144Z - zacb@westfaliafruit.co.za
2023-10-30T17:54:52.144Z - ZacBard
2023-10-30T17:54:52.176Z - TousifBagnikar
2023-10-30T17:54:52.178Z - mazharnadiadwala@domeindia.com
2023-10-30T17:54:52.179Z - {"Messages":[{"Status":"success","CustomID":"","To":[{"Email":"mazharnadiadwala@domeindia.com","MessageUUID":"f8bfddb9-4af4-4f1b-b2c0-5b9811c82595","MessageID":"576460772594845218","MessageHref":"https://api.mailjet.com/v3/REST/message/576460772594845218"}],"Cc":[],"Bcc":[]}]}
2023-10-30T17:54:52.178Z - MazharNadiadwala
2023-10-30T17:54:52.181Z - AjayTG
2023-10-30T17:54:52.181Z - ajay.tg@westfaliafruit.com
2023-10-30T17:54:52.181Z - {"Messages":[{"Status":"success","CustomID":"","To":[{"Email":"ajay.tg@westfaliafruit.com","MessageUUID":"1ab2abb0-a433-4baf-bd55-74882d47af7a","MessageID":"576460772594845219","MessageHref":"https://api.mailjet.com/v3/REST/message/576460772594845219"}],"Cc":[],"Bcc":[]}]}
2023-10-30T17:54:52.222Z - Mohomedmorani@domeindia.com
2023-10-30T17:54:52.222Z - {"Messages":[{"Status":"success","CustomID":"","To":[{"Email":"Mohomedmorani@domeindia.com","MessageUUID":"84a9f51d-9ea7-4627-81e8-0f31d1a24bd6","MessageID":"576460772594845222","MessageHref":"https://api.mailjet.com/v3/REST/message/576460772594845222"}],"Cc":[],"Bcc":[]}]}
2023-10-30T17:54:52.222Z - MohammedMorani
2023-10-30T17:54:52.261Z - us.nagpal@gmail.com
2023-10-30T17:54:52.261Z - {"Messages":[{"Status":"success","CustomID":"","To":[{"Email":"us.nagpal@gmail.com","MessageUUID":"45d6a102-0af3-44fc-834e-1edb23555069","MessageID":"576460772594845225","MessageHref":"https://api.mailjet.com/v3/REST/message/576460772594845225"}],"Cc":[],"Bcc":[]}]}
2023-10-30T17:54:52.176Z - tousif.bagnikar@westfaliafruit.com
2023-10-30T17:54:52.261Z - PrinceNagpal
2023-10-30T17:54:52.292Z - Mr.RameshPatil
2023-10-30T17:54:52.292Z - ramesh@eventfaqs.com
2023-10-30T17:54:52.292Z - {"Messages":[{"Status":"success","CustomID":"","To":[{"Email":"ramesh@eventfaqs.com","MessageUUID":"8a9d550a-d8e1-45be-a65b-1cca608dfc38","MessageID":"288230396441925501","MessageHref":"https://api.mailjet.com/v3/REST/message/288230396441925501"}],"Cc":[],"Bcc":[]}]}
2023-10-30T17:54:52.329Z - balrajvanthati@gmail.com
2023-10-30T17:54:52.329Z - {"Messages":[{"Status":"success","CustomID":"","To":[{"Email":"balrajvanthati@gmail.com","MessageUUID":"57ac8c0c-0bfd-4ec6-bfa6-0ec93f16aaf1","MessageID":"288230396441925504","MessageHref":"https://api.mailjet.com/v3/REST/message/288230396441925504"}],"Cc":[],"Bcc":[]}]}
2023-10-30T17:54:52.329Z - Mr.JOYDEEPGUHA
2023-10-30T17:54:52.332Z - DrRajanWelukar
2023-10-30T17:54:52.332Z - rajanwelukar@yahoo.com
2023-10-30T17:54:52.332Z - {"Messages":[{"Status":"success","CustomID":"","To":[{"Email":"rajanwelukar@yahoo.com","MessageUUID":"f0b6b3e0-3fb6-476e-bdba-118582cf6d9e","MessageID":"1152921524899853894","MessageHref":"https://api.mailjet.com/v3/REST/message/1152921524899853894"}],"Cc":[],"Bcc":[]}]}
2023-10-30T17:54:52.392Z - {"Messages":[{"Status":"success","CustomID":"","To":[{"Email":"payalps.soiree@gmail.com","MessageUUID":"61713ca8-99da-4bf0-bf15-1bd1670bde55","MessageID":"1152921524899853895","MessageHref":"https://api.mailjet.com/v3/REST/message/1152921524899853895"}],"Cc":[],"Bcc":[]}]}
2023-10-30T17:54:52.392Z - payalps.soiree@gmail.com
2023-10-30T17:54:52.392Z - Ms.PayalShah
2023-10-30T17:54:52.472Z - Mr.AkshayaShetty+2
2023-10-30T17:54:52.472Z - {"Messages":[{"Status":"success","CustomID":"","To":[{"Email":"Shettyakshaya1990@gmail.com","MessageUUID":"1d5ee546-f21a-465f-9318-c04f459e9175","MessageID":"288230396441925509","MessageHref":"https://api.mailjet.com/v3/REST/message/288230396441925509"}],"Cc":[],"Bcc":[]}]}
2023-10-30T17:54:52.472Z - Shettyakshaya1990@gmail.com
2023-10-30T17:54:52.476Z - {"Messages":[{"Status":"success","CustomID":"","To":[{"Email":"Dnil1307@gmail.com","MessageUUID":"3387bcf7-f991-46f6-868b-bc3ed7189922","MessageID":"576460772594845228","MessageHref":"https://api.mailjet.com/v3/REST/message/576460772594845228"}],"Cc":[],"Bcc":[]}]}
2023-10-30T17:54:52.476Z - Mr.DeepakSheth+3
2023-10-30T17:54:52.476Z - Dnil1307@gmail.com
2023-10-30T17:54:52.518Z - {"Messages":[{"Status":"success","CustomID":"","To":[{"Email":"joydeep_guha@hotmail.com","MessageUUID":"12340c4f-5434-46d7-96d7-2c9e041a356b","MessageID":"1152921524899853897","MessageHref":"https://api.mailjet.com/v3/REST/message/1152921524899853897"}],"Cc":[],"Bcc":[]}]}
2023-10-30T17:54:52.518Z - joydeep_guha@hotmail.com
2023-10-30T17:54:52.521Z - Mr.AvaniSanalkar
2023-10-30T17:54:52.521Z - {"Messages":[{"Status":"success","CustomID":"","To":[{"Email":"avanisanalkar14@gmail.com","MessageUUID":"6ed2c632-9f6c-45f2-b119-d1b212e561c4","MessageID":"288230396441925510","MessageHref":"https://api.mailjet.com/v3/REST/message/288230396441925510"}],"Cc":[],"Bcc":[]}]}
2023-10-30T17:54:52.521Z - avanisanalkar14@gmail.com
2023-10-30T17:54:52.518Z - Mr.DomDaniel&AnnDaniel
2023-10-30T17:54:52.548Z - md.tf.panchgani@fernhotels.com
2023-10-30T17:54:52.548Z - {"Messages":[{"Status":"success","CustomID":"","To":[{"Email":"md.tf.panchgani@fernhotels.com","MessageUUID":"d7f4088b-86e5-41b6-bbeb-53f6ccd5a0a7","MessageID":"288230396441925512","MessageHref":"https://api.mailjet.com/v3/REST/message/288230396441925512"}],"Cc":[],"Bcc":[]}]}
2023-10-30T17:54:52.567Z - Sanyachadha95@gmail.com
2023-10-30T17:54:52.548Z - Mr.RajeshNaik
2023-10-30T17:54:52.567Z - {"Messages":[{"Status":"success","CustomID":"","To":[{"Email":"Sanyachadha95@gmail.com","MessageUUID":"e6909ffc-00a7-41a7-a59b-62816ac0fc04","MessageID":"1152921524899853903","MessageHref":"https://api.mailjet.com/v3/REST/message/1152921524899853903"}],"Cc":[],"Bcc":[]}]}
2023-10-30T17:54:52.567Z - Ms.SanyaChadha
2023-10-30T17:54:52.584Z - Ms.RakshandaBirwadkar
2023-10-30T17:54:52.584Z - {"Messages":[{"Status":"success","CustomID":"","To":[{"Email":"chamchamitkhau@gmail.com","MessageUUID":"3ed3bd3c-6005-4f06-b5a5-db2f15662510","MessageID":"1152921524899853904","MessageHref":"https://api.mailjet.com/v3/REST/message/1152921524899853904"}],"Cc":[],"Bcc":[]}]}
2023-10-30T17:54:52.602Z - Anupama1976@hotmail.com
2023-10-30T17:54:52.584Z - chamchamitkhau@gmail.com
2023-10-30T17:54:52.602Z - {"Messages":[{"Status":"success","CustomID":"","To":[{"Email":"Anupama1976@hotmail.com","MessageUUID":"6038eede-3693-496f-9ff7-1a672b81dde8","MessageID":"576460772594845238","MessageHref":"https://api.mailjet.com/v3/REST/message/576460772594845238"}],"Cc":[],"Bcc":[]}]}
2023-10-30T17:54:52.602Z - Ms.Anu&Mf.HemTejuja
2023-10-30T17:54:52.607Z - chandniadvani88@gmail.com
2023-10-30T17:54:52.607Z - Ms.ChandniTolani
2023-10-30T17:54:52.607Z - {"Messages":[{"Status":"success","CustomID":"","To":[{"Email":"chandniadvani88@gmail.com","MessageUUID":"1c081075-c9da-4a27-9794-47ace48acc2d","MessageID":"576460772594845236","MessageHref":"https://api.mailjet.com/v3/REST/message/576460772594845236"}],"Cc":[],"Bcc":[]}]}
2023-10-30T17:54:52.611Z - {"Messages":[{"Status":"success","CustomID":"","To":[{"Email":"dhruvi.omcpl@gmail.com","MessageUUID":"7f4ed93a-52f4-441d-a4c0-7a8236f0c137","MessageID":"288230396441925515","MessageHref":"https://api.mailjet.com/v3/REST/message/288230396441925515"}],"Cc":[],"Bcc":[]}]}
2023-10-30T17:54:52.610Z - Ms.DhruviShah
2023-10-30T17:54:52.610Z - dhruvi.omcpl@gmail.com
2023-10-30T17:54:52.613Z - throttle97mumbai@gmail.com
2023-10-30T17:54:52.613Z - {"Messages":[{"Status":"success","CustomID":"","To":[{"Email":"throttle97mumbai@gmail.com","MessageUUID":"0fc5a23b-3ac3-48cb-8645-d7b2c5d99604","MessageID":"288230396441925518","MessageHref":"https://api.mailjet.com/v3/REST/message/288230396441925518"}],"Cc":[],"Bcc":[]}]}
2023-10-30T17:54:52.635Z - {"Messages":[{"Status":"success","CustomID":"","To":[{"Email":"nlkarani@gmail.com","MessageUUID":"f8af52bb-871c-4c92-915b-661a1c476474","MessageID":"1152921524899853908","MessageHref":"https://api.mailjet.com/v3/REST/message/1152921524899853908"}],"Cc":[],"Bcc":[]}]}
2023-10-30T17:54:52.612Z - Ms.DiyaneDsouza
2023-10-30T17:54:52.635Z - Mr.Nilesh&Ms.Deepakarani
2023-10-30T17:54:52.644Z - foodiekashif@gmail.com
2023-10-30T17:54:52.644Z - {"Messages":[{"Status":"success","CustomID":"","To":[{"Email":"foodiekashif@gmail.com","MessageUUID":"8baa56bb-ee41-4ef0-9f1e-0f8dc57e4522","MessageID":"1152921524899853907","MessageHref":"https://api.mailjet.com/v3/REST/message/1152921524899853907"}],"Cc":[],"Bcc":[]}]}
2023-10-30T17:54:52.635Z - nlkarani@gmail.com
2023-10-30T17:54:52.643Z - Mr.KashifTanwar
2023-10-30T17:54:52.714Z - antarikshbaldota@gmail.com
2023-10-30T17:54:52.714Z - {"Messages":[{"Status":"success","CustomID":"","To":[{"Email":"antarikshbaldota@gmail.com","MessageUUID":"6cfdbc4e-0f43-4f16-a6c2-2b4a105807f8","MessageID":"576460772594845240","MessageHref":"https://api.mailjet.com/v3/REST/message/576460772594845240"}],"Cc":[],"Bcc":[]}]}
2023-10-30T17:54:52.716Z - Mr.PramodTiwari
2023-10-30T17:54:52.714Z - Mr.AntarikshBaldota
2023-10-30T17:54:52.716Z - pramod.tiwari@ltgroup.in
2023-10-30T17:54:52.716Z - {"Messages":[{"Status":"success","CustomID":"","To":[{"Email":"pramod.tiwari@ltgroup.in","MessageUUID":"0d7438a9-95dc-4038-9de2-ce173aba9c94","MessageID":"288230396441925530","MessageHref":"https://api.mailjet.com/v3/REST/message/288230396441925530"}],"Cc":[],"Bcc":[]}]}
2023-10-30T17:54:52.718Z - Mr.FrancisPereira
2023-10-30T17:54:52.719Z - {"Messages":[{"Status":"success","CustomID":"","To":[{"Email":"francispereira@omcpl.com","MessageUUID":"16c6eb6c-484f-40c8-a0b1-59284ddea1da","MessageID":"1152921524899853912","MessageHref":"https://api.mailjet.com/v3/REST/message/1152921524899853912"}],"Cc":[],"Bcc":[]}]}
2023-10-30T17:54:52.777Z - {"Messages":[{"Status":"success","CustomID":"","To":[{"Email":"navneet@navneetgoyenka.com","MessageUUID":"d8e2c85e-efb4-45ed-b7cc-1cbda3874d26","MessageID":"576460772594845248","MessageHref":"https://api.mailjet.com/v3/REST/message/576460772594845248"}],"Cc":[],"Bcc":[]}]}
2023-10-30T17:54:52.719Z - francispereira@omcpl.com
2023-10-30T17:54:52.776Z - navneet@navneetgoyenka.com
2023-10-30T17:54:52.776Z - Mr. Navneet goyenka
2023-10-30T17:54:52.780Z - Mr.KaranRathod
2023-10-30T17:54:52.780Z - karanwork.media@gmail.com
2023-10-30T17:54:52.780Z - {"Messages":[{"Status":"success","CustomID":"","To":[{"Email":"karanwork.media@gmail.com","MessageUUID":"56b135a0-2829-44e3-84f9-5baf147c3fe5","MessageID":"288230396441925533","MessageHref":"https://api.mailjet.com/v3/REST/message/288230396441925533"}],"Cc":[],"Bcc":[]}]}
2023-10-30T17:54:52.782Z - {"Messages":[{"Status":"success","CustomID":"","To":[{"Email":"harshal.sawal@motilaloswal.com","MessageUUID":"24f19c56-6336-4e36-b0de-de88aebd4c9c","MessageID":"576460772594845247","MessageHref":"https://api.mailjet.com/v3/REST/message/576460772594845247"}],"Cc":[],"Bcc":[]}]}
2023-10-30T17:54:52.782Z - Mr.HarshalSawal+3
2023-10-30T17:54:52.782Z - harshal.sawal@motilaloswal.com
2023-10-30T17:54:52.785Z - Ms. Tina Jhunjhunwala
2023-10-30T17:54:52.785Z - {"Messages":[{"Status":"success","CustomID":"","To":[{"Email":"Tbj009@gmail.com","MessageUUID":"d6674f4f-8592-4236-b0ec-21202ba5eb45","MessageID":"288230396441925534","MessageHref":"https://api.mailjet.com/v3/REST/message/288230396441925534"}],"Cc":[],"Bcc":[]}]}
2023-10-30T17:54:52.815Z - Mr.MudassirTanwar
2023-10-30T17:54:52.815Z - foodiekashif@gmail.com
2023-10-30T17:54:52.785Z - Tbj009@gmail.com
2023-10-30T17:54:52.815Z - {"Messages":[{"Status":"success","CustomID":"","To":[{"Email":"foodiekashif@gmail.com","MessageUUID":"d17704bc-37ab-4b61-a385-fb86ab62e347","MessageID":"1152921524899853916","MessageHref":"https://api.mailjet.com/v3/REST/message/1152921524899853916"}],"Cc":[],"Bcc":[]}]}
2023-10-30T17:54:52.958Z - {"Messages":[{"Status":"success","CustomID":"","To":[{"Email":"saanjhbhandari2@gmail.com","MessageUUID":"6157e49f-e3a0-471a-b136-d2d7b69dda76","MessageID":"288230396441925538","MessageHref":"https://api.mailjet.com/v3/REST/message/288230396441925538"}],"Cc":[],"Bcc":[]}]}
2023-10-30T17:54:52.958Z - saanjhbhandari2@gmail.com
2023-10-30T17:54:52.962Z - Mr.JoshuaStephen
2023-10-30T17:54:52.962Z - stephenomcpl@gmail.com
2023-10-30T17:54:52.963Z - {"Messages":[{"Status":"success","CustomID":"","To":[{"Email":"stephenomcpl@gmail.com","MessageUUID":"9771c627-b1c2-45e0-8737-c5214aac5591","MessageID":"288230396441925539","MessageHref":"https://api.mailjet.com/v3/REST/message/288230396441925539"}],"Cc":[],"Bcc":[]}]}
2023-10-30T17:54:52.958Z - Mr. Saanjh Bhandari
2023-10-30T17:54:52.971Z - amardeep@sangeetpolypack.com
2023-10-30T17:54:52.982Z - {"Messages":[{"Status":"success","CustomID":"","To":[{"Email":"Dinika@geneticcallnet.com","MessageUUID":"ce8445aa-d0b9-4849-875e-c95246e0dd61","MessageID":"576460772594845253","MessageHref":"https://api.mailjet.com/v3/REST/message/576460772594845253"}],"Cc":[],"Bcc":[]}]}
2023-10-30T17:54:52.982Z - Ms. Dinika keswani
2023-10-30T17:54:52.971Z - {"Messages":[{"Status":"success","CustomID":"","To":[{"Email":"amardeep@sangeetpolypack.com","MessageUUID":"11b17cdc-c406-4749-b64b-5e187d4362af","MessageID":"576460772594845254","MessageHref":"https://api.mailjet.com/v3/REST/message/576460772594845254"}],"Cc":[],"Bcc":[]}]}
2023-10-30T17:54:52.982Z - Dinika@geneticcallnet.com
2023-10-30T17:54:52.970Z - Mr. Amardeep Arora
2023-10-30T17:54:52.995Z - {"Messages":[{"Status":"success","CustomID":"","To":[{"Email":"Vinay_mendon@yahoo.in","MessageUUID":"02c87bdd-6935-4d61-84a0-e2ec7aa974ec","MessageID":"576460772594845255","MessageHref":"https://api.mailjet.com/v3/REST/message/576460772594845255"}],"Cc":[],"Bcc":[]}]}
2023-10-30T17:54:53.020Z - sachinsaanjh1@gmail.com
2023-10-30T17:54:52.994Z - Mr. Vinay mendon
2023-10-30T17:54:52.995Z - Vinay_mendon@yahoo.in
2023-10-30T17:54:53.020Z - {"Messages":[{"Status":"success","CustomID":"","To":[{"Email":"sachinsaanjh1@gmail.com","MessageUUID":"ce523ee7-4eb3-4db6-95c5-33b8ed21bfb4","MessageID":"1152921524899853920","MessageHref":"https://api.mailjet.com/v3/REST/message/1152921524899853920"}],"Cc":[],"Bcc":[]}]}
2023-10-30T17:54:53.026Z - ananyakapur16@gmail.com
2023-10-30T17:54:53.026Z - {"Messages":[{"Status":"success","CustomID":"","To":[{"Email":"ananyakapur16@gmail.com","MessageUUID":"77fb914d-42f4-42a0-ab18-7a0cca710194","MessageID":"576460772594845257","MessageHref":"https://api.mailjet.com/v3/REST/message/576460772594845257"}],"Cc":[],"Bcc":[]}]}
2023-10-30T17:54:53.026Z - Mr. Rushil Khanna
2023-10-30T17:54:53.031Z - balrajvanthati@gmail.com
2023-10-30T17:54:53.031Z - Ms. Shrootti Balraj Anthati
2023-10-30T17:54:53.032Z - {"Messages":[{"Status":"success","CustomID":"","To":[{"Email":"balrajvanthati@gmail.com","MessageUUID":"c9ed71e3-8c7f-4462-b630-a2a0813344f5","MessageID":"288230396441925541","MessageHref":"https://api.mailjet.com/v3/REST/message/288230396441925541"}],"Cc":[],"Bcc":[]}]}
2023-10-30T17:54:53.043Z - {"Messages":[{"Status":"success","CustomID":"","To":[{"Email":"ruchinbansal77@gmail.com","MessageUUID":"e27419bb-c6ff-4d59-9b77-6727ee067875","MessageID":"1152921524899853921","MessageHref":"https://api.mailjet.com/v3/REST/message/1152921524899853921"}],"Cc":[],"Bcc":[]}]}
2023-10-30T17:54:53.020Z - Ms. Neha bhandari
2023-10-30T17:54:53.042Z - Ms. Ruchin Bansal
2023-10-30T17:54:53.042Z - ruchinbansal77@gmail.com
2023-10-30T17:54:53.225Z - Vishal@geneticcallnet.con
2023-10-30T17:54:53.225Z - Mr. Vishal keswani
2023-10-30T17:54:53.226Z - {"Messages":[{"Status":"success","CustomID":"","To":[{"Email":"Vishal@geneticcallnet.con","MessageUUID":"d2846a30-5828-47b6-86d3-880b6448ae43","MessageID":"288230396441925545","MessageHref":"https://api.mailjet.com/v3/REST/message/288230396441925545"}],"Cc":[],"Bcc":[]}]}
2023-10-30T17:54:53.256Z - {"Messages":[{"Status":"success","CustomID":"","To":[{"Email":"shilpybansal1@gmail.com","MessageUUID":"f935ab09-1792-4293-bd40-c0bf877b1047","MessageID":"1152921524899853928","MessageHref":"https://api.mailjet.com/v3/REST/message/1152921524899853928"}],"Cc":[],"Bcc":[]}]}
2023-10-30T17:54:53.256Z - shilpybansal1@gmail.com
2023-10-30T17:54:53.284Z - {"Messages":[{"Status":"success","CustomID":"","To":[{"Email":"sachin@unitedmill.com","MessageUUID":"e2055a7f-693b-4f53-b277-65fd3cc2a9de","MessageID":"576460772594845263","MessageHref":"https://api.mailjet.com/v3/REST/message/576460772594845263"}],"Cc":[],"Bcc":[]}]}
2023-10-30T17:54:53.256Z - Ms. Shilpy Bansal
2023-10-30T17:54:53.284Z - Mr. Sachin Bhandari
2023-10-30T17:54:53.372Z - {"Messages":[{"Status":"success","CustomID":"","To":[{"Email":"indrajeet.giri@ltgroup.in","MessageUUID":"cb105c2b-cbea-4dfc-b252-acabb1545e6a","MessageID":"1152921524899853933","MessageHref":"https://api.mailjet.com/v3/REST/message/1152921524899853933"}],"Cc":[],"Bcc":[]}]}
2023-10-30T17:54:53.372Z - Mr.indrajeetGiri
2023-10-30T17:54:53.284Z - sachin@unitedmill.com
2023-10-30T17:54:53.372Z - indrajeet.giri@ltgroup.in
2023-10-30T17:54:53.654Z - {"Messages":[{"Status":"success","CustomID":"","To":[{"Email":"addy16@hotmail.com","MessageUUID":"86878d83-4f20-4b5f-acee-be004999a9e3","MessageID":"1152921524899853942","MessageHref":"https://api.mailjet.com/v3/REST/message/1152921524899853942"}],"Cc":[],"Bcc":[]}]}
2023-10-30T17:54:53.654Z - addy16@hotmail.com
2023-10-30T17:54:53.658Z - {"Messages":[{"Status":"success","CustomID":"","To":[{"Email":"prachi339@gmail.com","MessageUUID":"3003c77a-46a5-4675-9fc3-e8b7d23c310c","MessageID":"576460772594845274","MessageHref":"https://api.mailjet.com/v3/REST/message/576460772594845274"}],"Cc":[],"Bcc":[]}]}
2023-10-30T17:54:53.658Z - prachi339@gmail.com
2023-10-30T17:54:53.810Z - Mr. Bharat Jhunjhunwala
2023-10-30T17:54:53.654Z - Mr. Aditya ajmera
2023-10-30T17:54:53.657Z - Ms. Prachi ajmera
2023-10-30T17:54:53.811Z - {"Messages":[{"Status":"success","CustomID":"","To":[{"Email":"Jhunjhunwala.bharat@gmail.com","MessageUUID":"13a47e2a-7c14-434f-9ed0-4cb7f331673f","MessageID":"1152921524899853950","MessageHref":"https://api.mailjet.com/v3/REST/message/1152921524899853950"}],"Cc":[],"Bcc":[]}]}
2023-10-30T17:54:53.811Z - Jhunjhunwala.bharat@gmail.com
2023-10-30T17:54:53.827Z - bhawnang@hotmail.com
2023-10-30T17:54:53.827Z - {"Messages":[{"Status":"success","CustomID":"","To":[{"Email":"bhawnang@hotmail.com","MessageUUID":"e5bec798-cbf6-41e4-984f-44ec88d1a30f","MessageID":"1152921524899853952","MessageHref":"https://api.mailjet.com/v3/REST/message/1152921524899853952"}],"Cc":[],"Bcc":[]}]}
2023-10-30T17:54:53.883Z - {"Messages":[{"Status":"success","CustomID":"","To":[{"Email":"shishirseksaria@rediffmail.com","MessageUUID":"642b5dd8-e172-45ab-93a7-c8dcd9ba8efa","MessageID":"1152921524899853954","MessageHref":"https://api.mailjet.com/v3/REST/message/1152921524899853954"}],"Cc":[],"Bcc":[]}]}
2023-10-30T17:54:53.883Z - shishirseksaria@rediffmail.com
2023-10-30T17:54:53.882Z - Mr. Shishir Seksaria +1
2023-10-30T17:54:53.827Z - Ms. Bhavna gotenka
2023-10-30T17:54:53.886Z - {"Messages":[{"Status":"success","CustomID":"","To":[{"Email":"neeti.arora@aol.in","MessageUUID":"d7b1c6aa-5fef-47d8-855c-d8b6974cfa4e","MessageID":"288230396441925558","MessageHref":"https://api.mailjet.com/v3/REST/message/288230396441925558"}],"Cc":[],"Bcc":[]}]}
2023-10-30T17:54:53.886Z - Ms. Neeti Arora
2023-10-30T17:54:53.886Z - neeti.arora@aol.in
2023-10-30T17:54:53.914Z - ananyakapur16@gmail.com
2023-10-30T17:54:53.915Z - {"Messages":[{"Status":"success","CustomID":"","To":[{"Email":"ananyakapur16@gmail.com","MessageUUID":"ae60f6ba-1207-4940-9f30-d6109d12c327","MessageID":"576460772594845276","MessageHref":"https://api.mailjet.com/v3/REST/message/576460772594845276"}],"Cc":[],"Bcc":[]}]}
2023-10-30T17:54:53.944Z - manojmit@gmail.com
2023-10-30T17:54:53.914Z - Ms. Ananya Khanna
2023-10-30T17:54:53.944Z - Mr. Manoj Mittal
2023-10-30T17:54:54.265Z - {"Messages":[{"Status":"success","CustomID":"","To":[{"Email":"Malpurekishan2@gmail.com","MessageUUID":"385b334f-bd3f-47e2-ba45-d683ec9849c6","MessageID":"1152921524899853961","MessageHref":"https://api.mailjet.com/v3/REST/message/1152921524899853961"}],"Cc":[],"Bcc":[]}]}
2023-10-30T17:54:54.265Z - Mr. Kishan Malpure
2023-10-30T17:54:54.265Z - Malpurekishan2@gmail.com
2023-10-30T17:54:53.944Z - {"Messages":[{"Status":"success","CustomID":"","To":[{"Email":"manojmit@gmail.com","MessageUUID":"01dde4fa-e5f3-4490-8d98-fad986f07a30","MessageID":"1152921524899853958","MessageHref":"https://api.mailjet.com/v3/REST/message/1152921524899853958"}],"Cc":[],"Bcc":[]}]}
2023-10-30T17:54:54.327Z - kaival@absoluteeventsworld.com
2023-10-30T17:54:54.327Z - {"Messages":[{"Status":"success","CustomID":"","To":[{"Email":"kaival@absoluteeventsworld.com","MessageUUID":"dc5e36aa-7880-48e2-8c2a-0bb5dbfe47a2","MessageID":"576460772594845286","MessageHref":"https://api.mailjet.com/v3/REST/message/576460772594845286"}],"Cc":[],"Bcc":[]}]}
2023-10-30T17:54:54.327Z - Mr. Kaival Patel
2023-10-30T17:54:54.398Z - gautam.agicha@gmail.com
2023-10-30T17:54:54.397Z - Mr. Gautam Agicha
2023-10-30T17:54:54.398Z - {"Messages":[{"Status":"success","CustomID":"","To":[{"Email":"gautam.agicha@gmail.com","MessageUUID":"33fe11f2-8748-4f1a-b1c5-399cf5cdab4f","MessageID":"288230396441925577","MessageHref":"https://api.mailjet.com/v3/REST/message/288230396441925577"}],"Cc":[],"Bcc":[]}]}
2023-10-30T17:54:54.521Z - nirzarishah90@gmail.com
2023-10-30T17:54:54.521Z - {"Messages":[{"Status":"success","CustomID":"","To":[{"Email":"nirzarishah90@gmail.com","MessageUUID":"bae74354-8f2a-4db2-85e4-474d6dfa2e39","MessageID":"576460772594845294","MessageHref":"https://api.mailjet.com/v3/REST/message/576460772594845294"}],"Cc":[],"Bcc":[]}]}
2023-10-30T17:54:54.589Z - {"Messages":[{"Status":"success","CustomID":"","To":[{"Email":"manasi2942001@gmail.com","MessageUUID":"847d1ab9-4bfe-4043-9595-46414d5d5b83","MessageID":"288230396441925595","MessageHref":"https://api.mailjet.com/v3/REST/message/288230396441925595"}],"Cc":[],"Bcc":[]}]}
2023-10-30T17:54:54.521Z - Ms. Nirzari shah
2023-10-30T17:54:54.589Z - manasi2942001@gmail.com
2023-10-30T17:54:54.648Z - Mr. Amish Kothari
2023-10-30T17:54:54.589Z - Ms. Manasi Chandravanshi
2023-10-30T17:54:54.648Z - amish@rosentiques.com
2023-10-30T17:54:54.651Z - barkha.ramchandani89@gmail.com
2023-10-30T17:54:54.648Z - {"Messages":[{"Status":"success","CustomID":"","To":[{"Email":"amish@rosentiques.com","MessageUUID":"112814dd-36df-424c-b10b-db780ecd6629","MessageID":"288230396441925592","MessageHref":"https://api.mailjet.com/v3/REST/message/288230396441925592"}],"Cc":[],"Bcc":[]}]}
2023-10-30T17:54:54.651Z - {"Messages":[{"Status":"success","CustomID":"","To":[{"Email":"barkha.ramchandani89@gmail.com","MessageUUID":"c07972ca-8be5-4cd1-af5c-c2af02bc4383","MessageID":"288230396441925593","MessageHref":"https://api.mailjet.com/v3/REST/message/288230396441925593"}],"Cc":[],"Bcc":[]}]}
2023-10-30T17:54:54.651Z - Ms. Barkha ramchandani
2023-10-30T17:54:55.085Z - {"Messages":[{"Status":"success","CustomID":"","To":[{"Email":"nitin.paliwal@westfaliafruit.com","MessageUUID":"38f5f4d6-13b0-4e38-af91-f3d5b24dc7f6","MessageID":"576460772594845988","MessageHref":"https://api.mailjet.com/v3/REST/message/576460772594845988"}],"Cc":[],"Bcc":[]}]}
2023-10-30T17:54:55.085Z - NitinPaliwal
2023-10-30T17:54:55.085Z - nitin.paliwal@westfaliafruit.com
2023-10-30T18:44:00.717Z - This is a log message.
2023-10-30T18:44:01.342Z - esha@sanjeevkapoor.com
2023-10-30T18:44:01.342Z - {"Messages":[{"Status":"success","CustomID":"","To":[{"Email":"esha@sanjeevkapoor.com","MessageUUID":"e1a681af-bc3e-425e-9d40-19a957b08891","MessageID":"1152921524900602756","MessageHref":"https://api.mailjet.com/v3/REST/message/1152921524900602756"}],"Cc":[],"Bcc":[]}]}
2023-10-30T18:44:01.342Z - Esha
2023-10-30T18:44:01.345Z - Mr Morani
2023-10-30T18:44:01.345Z - mohomedmorani@domeindia.com
2023-10-30T18:44:01.345Z - {"Messages":[{"Status":"success","CustomID":"","To":[{"Email":"mohomedmorani@domeindia.com","MessageUUID":"418706d0-3699-41b4-b34f-a3b0b8351439","MessageID":"288230396442673950","MessageHref":"https://api.mailjet.com/v3/REST/message/288230396442673950"}],"Cc":[],"Bcc":[]}]}
